e: [{u'message': u'Rate limit exceeded', u'code': 88}]
rate time error:  44196397
The user id is:  44196397
The user id is:  2223592103
The user id is:  1654188770
The user id is:  287568380
The user id is:  23504870
The user id is:  18200793
The user id is:  14647570
The user id is:  11928542
The user id is:  4398626122
The user id is:  1582853809
The user id is:  2329316496
The user id is:  11348282
The user id is:  275686563
The user id is:  38430500
The user id is:  209811713
e: [{u'message': u'Rate limit exceeded', u'code': 88}]
rate time error:  176774540
The user id is:  176774540
The user id is:  2251623492
The user id is:  57047586
The user id is:  2890961
The user id is:  1282121312
The user id is:  14780915
The user id is:  316389142
The user id is:  4620451
The user id is:  817386
The user id is:  259771124
The user id is:  316327930
The user id is:  23962323
The user id is:  17248121
The user id is:  1182382878
The user id is:  19658826
e: [{u'message': u'Rate limit exceeded', u'code': 88}]
rate time error:  717313
The user id is:  717313
The user id is:  11178902
The user id is:  19079396
The user id is:  14075928
The user id is:  1344951
The user id is:  16689804
The user id is:  18812572
The user id is:  5988062
The user id is:  14677919
The user id is:  13298072
The user id is:  34743251
The user id is:  4100391622
The user id is:  28506736
The user id is:  1960283150
The user id is:  32128600
e: [{u'message': u'Rate limit exceeded', u'code': 88}]
rate time error:  4423337056
e: Not authorized.
Not authorized 
The user id is:  476234589
The user id is:  19217011
The user id is:  2376444547
The user id is:  396086694
The user id is:  2785793167
The user id is:  227121370
The user id is:  2177420990
The user id is:  1443730951
The user id is:  3375148312
The user id is:  1092777318
The user id is:  789614223538135041
The user id is:  2272856978
The user id is:  525037524
e: [{u'message': u'Rate limit exceeded', u'code': 88}]
rate time error:  2388931039
The user id is:  2388931039
The user id is:  2478045313
The user id is:  523512145
The user id is:  2337609794
The user id is:  450806513
The user id is:  4043893096
The user id is:  995642455
The user id is:  1561145676
The user id is:  1047199152
The user id is:  236944441
The user id is:  1308555452
The user id is:  2445896892
The user id is:  454939382
The user id is:  2580527803
The user id is:  485370684
e: [{u'message': u'Rate limit exceeded', u'code': 88}]
rate time error:  534362261
The user id is:  534362261
The user id is:  2767466961
The user id is:  169719009
The user id is:  2671829047
The user id is:  20008093
The user id is:  1542904957
The user id is:  25132897
The user id is:  191933368
The user id is:  2581750098
The user id is:  103026062
The user id is:  1349082427
The user id is:  44196397
The user id is:  2478575257
The user id is:  85124669
The user id is:  286742737
e: [{u'message': u'Rate limit exceeded', u'code': 88}]
rate time error:  40966025
The user id is:  40966025
The user id is:  337502808
The user id is:  214162237
The user id is:  148760908
The user id is:  2940131020
The user id is:  21011270
The user id is:  17881816
The user id is:  10203
The user id is:  811463617505726464
The user id is:  4275131
The user id is:  207426991
The user id is:  747426626804154368
The user id is:  201838718
The user id is:  708385532049371136
The user id is:  297818035
e: [{u'message': u'Rate limit exceeded', u'code': 88}]
rate time error:  727571477046923264
The user id is:  727571477046923264
The user id is:  41607639
The user id is:  2839688676
The user id is:  772665210410668032
The user id is:  3240536832
The user id is:  28923113
The user id is:  312230865
The user id is:  3223596901
The user id is:  2469605695
The user id is:  786993149017063424
The user id is:  149760844
The user id is:  4337768541
The user id is:  40565117
The user id is:  2576238121
The user id is:  709387976
e: [{u'message': u'Rate limit exceeded', u'code': 88}]
rate time error:  1675176944
The user id is:  1675176944
The user id is:  21577728
The user id is:  2625176466
The user id is:  262663127
The user id is:  23449189
The user id is:  93687723
The user id is:  1362247752
The user id is:  42836824
The user id is:  3047049886
The user id is:  56367647
The user id is:  857900772
The user id is:  2994493482
The user id is:  1596029779
The user id is:  105274463
The user id is:  222691723
e: [{u'message': u'Rate limit exceeded', u'code': 88}]
rate time error:  327190615
The user id is:  327190615
The user id is:  58252077
The user id is:  2902763393
The user id is:  52069154
The user id is:  513159565
The user id is:  4495607414
The user id is:  1069161896
The user id is:  302812882
The user id is:  2498960456
The user id is:  2401292358
e: Not authorized.
Not authorized 
The user id is:  2655830472
The user id is:  2549647958
The user id is:  136051143
e: [{u'message': u'Rate limit exceeded', u'code': 88}]
rate time error:  2465436362
The user id is:  2465436362
The user id is:  35104660
The user id is:  1151725669
e: Not authorized.
Not authorized 
The user id is:  19646347
The user id is:  1348788000
The user id is:  18996798
The user id is:  89434927
The user id is:  23087895
The user id is:  474870971
The user id is:  565002291
The user id is:  447656741
The user id is:  54829997
The user id is:  309848622
e: [{u'message': u'Rate limit exceeded', u'code': 88}]
rate time error:  138703392
The user id is:  138703392
The user id is:  9959702
The user id is:  370699216
The user id is:  246247684
The user id is:  2696714845
The user id is:  418133530
The user id is:  189499985
The user id is:  909476018
The user id is:  530850623
The user id is:  11309682
The user id is:  42921700
The user id is:  746935735
The user id is:  3160646900
The user id is:  85149953
The user id is:  446639162
e: [{u'message': u'Rate limit exceeded', u'code': 88}]
rate time error:  1252216651
The user id is:  1252216651
The user id is:  25489670
The user id is:  270063173
The user id is:  621205396
The user id is:  48458403
The user id is:  1134486056
The user id is:  304798816
The user id is:  823618483
The user id is:  66339576
The user id is:  3886750582
The user id is:  260372882
The user id is:  235666146
The user id is:  46187709
The user id is:  549510165
The user id is:  323266137
e: [{u'message': u'Rate limit exceeded', u'code': 88}]
rate time error:  17571636
The user id is:  17571636
The user id is:  488908367
The user id is:  2455356055
The user id is:  284441324
The user id is:  3230079540
The user id is:  2232996836
The user id is:  3146413624
The user id is:  2541999782
The user id is:  2830051135
The user id is:  280157793
The user id is:  418707217
The user id is:  547607608
The user id is:  1066142084
The user id is:  213009133
The user id is:  148779151
e: [{u'message': u'Rate limit exceeded', u'code': 88}]
rate time error:  2313227480
The user id is:  2313227480
The user id is:  2432417994
The user id is:  1689032862
The user id is:  2351600765
The user id is:  3238269259
The user id is:  3179100847
e: Not authorized.
Not authorized 
The user id is:  395149823
The user id is:  2778537414
The user id is:  2248290423
The user id is:  177134089
The user id is:  412948496
The user id is:  1703499732
The user id is:  843112550
e: [{u'message': u'Rate limit exceeded', u'code': 88}]
rate time error:  2899144650
The user id is:  2899144650
The user id is:  93167589
The user id is:  139399835
The user id is:  1153424970
The user id is:  325451111
The user id is:  520180883
The user id is:  1322319715
The user id is:  2266343932
The user id is:  947346722
The user id is:  39932652
The user id is:  1084036514
The user id is:  1649633971
The user id is:  70335336
The user id is:  3007819555
The user id is:  206052014
e: [{u'message': u'Rate limit exceeded', u'code': 88}]
rate time error:  345811633
The user id is:  345811633
The user id is:  749952350
The user id is:  2898338535
The user id is:  390860562
The user id is:  2578552033
The user id is:  424399010
The user id is:  121213242
The user id is:  2501274093
The user id is:  73593143
The user id is:  257799442
The user id is:  525060895
The user id is:  2575879166
The user id is:  96013710
The user id is:  1099302192
The user id is:  629097517
e: [{u'message': u'Rate limit exceeded', u'code': 88}]
rate time error:  43042353
The user id is:  43042353
The user id is:  102325442
The user id is:  551149727
The user id is:  131102007
The user id is:  1446460165
The user id is:  1599171037
The user id is:  224200628
The user id is:  23696757
The user id is:  78492982
The user id is:  2915989928
The user id is:  517680491
The user id is:  17874544
The user id is:  259132164
The user id is:  1635979987
The user id is:  176224244
e: [{u'message': u'Rate limit exceeded', u'code': 88}]
rate time error:  227626917
The user id is:  227626917
The user id is:  482658470
The user id is:  199110089
The user id is:  103375058
The user id is:  2485800751
The user id is:  270369094
The user id is:  323634172
The user id is:  1476280970
The user id is:  476199422
The user id is:  963213337
The user id is:  2632716033
The user id is:  1244421032
The user id is:  1481125170
The user id is:  227513889
The user id is:  477514375
e: [{u'message': u'Rate limit exceeded', u'code': 88}]
rate time error:  1256551418
The user id is:  1256551418
The user id is:  2192030256
The user id is:  2716997492
The user id is:  1251417968
The user id is:  1891280354
The user id is:  1587678775
The user id is:  1645975554
The user id is:  1373283926
The user id is:  463442646
The user id is:  801281178
The user id is:  554540678
The user id is:  243905514
The user id is:  2357622716
The user id is:  1003794630
The user id is:  1269865106
e: [{u'message': u'Rate limit exceeded', u'code': 88}]
rate time error:  521685752
The user id is:  521685752
The user id is:  343547084
The user id is:  410582796
The user id is:  874368012
The user id is:  543316184
The user id is:  2471064858
The user id is:  262227579
The user id is:  450438759
The user id is:  758543612
The user id is:  999639157
The user id is:  2333082048
The user id is:  315622616
The user id is:  2411488800
The user id is:  1648125986
The user id is:  255335896
e: [{u'message': u'Rate limit exceeded', u'code': 88}]
rate time error:  615214819
The user id is:  615214819
The user id is:  111946118
The user id is:  925360826
The user id is:  118024094
The user id is:  2196840571
The user id is:  347899465
The user id is:  994145154
The user id is:  459363109
The user id is:  1326941466
The user id is:  2740399322
The user id is:  487843424
The user id is:  220849177
The user id is:  266091065
The user id is:  2715052266
The user id is:  634714422
e: [{u'message': u'Rate limit exceeded', u'code': 88}]
rate time error:  456371141
The user id is:  456371141
The user id is:  1945501982
The user id is:  1028923657
The user id is:  2712947904
The user id is:  1414112568
The user id is:  865298551
The user id is:  177926698
The user id is:  525312787
The user id is:  586189030
The user id is:  95373836
The user id is:  708411822
The user id is:  586242124
The user id is:  1667654144
The user id is:  1519073424
The user id is:  613617394
e: [{u'message': u'Rate limit exceeded', u'code': 88}]
rate time error:  2304622689
The user id is:  2304622689
The user id is:  2654808962
The user id is:  518591762
The user id is:  126990459
The user id is:  933055586
The user id is:  45786304
The user id is:  495605961
The user id is:  2266209018
The user id is:  461223110
The user id is:  621881006
The user id is:  134164413
The user id is:  203083495
The user id is:  2371001088
The user id is:  2277079987
The user id is:  2523327685
e: [{u'message': u'Rate limit exceeded', u'code': 88}]
rate time error:  370428124
The user id is:  370428124
The user id is:  719352925
The user id is:  1716384152
The user id is:  741702152
The user id is:  825934369
The user id is:  40246348
The user id is:  1681324362
The user id is:  933644216
The user id is:  592848274
The user id is:  925389540
The user id is:  969051996
The user id is:  1650215384
The user id is:  1665731966
The user id is:  785448961
The user id is:  81001513
e: [{u'message': u'Rate limit exceeded', u'code': 88}]
rate time error:  1435811695
The user id is:  1435811695
The user id is:  1851487976
The user id is:  552011578
The user id is:  1520006918
The user id is:  1863807403
The user id is:  911142252
The user id is:  1156820016
The user id is:  48033488
The user id is:  918346674
The user id is:  1896176474
The user id is:  1726645633
The user id is:  1356953600
The user id is:  1572057871
The user id is:  444316808
The user id is:  1154754404
e: [{u'message': u'Rate limit exceeded', u'code': 88}]
rate time error:  929664925
The user id is:  929664925
The user id is:  1546270652
The user id is:  573459961
The user id is:  883223264
The user id is:  472967330
The user id is:  422099881
The user id is:  1367835900
The user id is:  604205451
The user id is:  57917716
The user id is:  1441093243
The user id is:  552505227
The user id is:  1478138376
The user id is:  2296494996
The user id is:  815232540
The user id is:  4765252549
e: [{u'message': u'Rate limit exceeded', u'code': 88}]
rate time error:  3968741837
The user id is:  3968741837
The user id is:  4868101960
The user id is:  4836099494
The user id is:  19566987
The user id is:  14293310
The user id is:  4835841920
The user id is:  4805599703
The user id is:  12151932
The user id is:  2166672055
The user id is:  4764536958
The user id is:  4859060446
The user id is:  52884959
The user id is:  19404869
The user id is:  1578734719
The user id is:  2539652841
e: [{u'message': u'Rate limit exceeded', u'code': 88}]
rate time error:  1536791610
The user id is:  1536791610
The user id is:  822215679726100480
The user id is:  13838622
The user id is:  16712361
The user id is:  18917572
The user id is:  100367386
The user id is:  31947242
The user id is:  16134525
The user id is:  14534931
The user id is:  40940457
The user id is:  14114564
The user id is:  15585350
The user id is:  18458348
The user id is:  14884486
The user id is:  33474655
e: [{u'message': u'Rate limit exceeded', u'code': 88}]
rate time error:  17369110
The user id is:  17369110
The user id is:  48289662
The user id is:  248795646
The user id is:  18036441
The user id is:  39585367
The user id is:  4514033232
The user id is:  33647963
The user id is:  5694822
The user id is:  5695032
The user id is:  4009057402
The user id is:  2997324103
The user id is:  4663492094
The user id is:  49758866
The user id is:  3097513575
The user id is:  456038960
e: [{u'message': u'Rate limit exceeded', u'code': 88}]
rate time error:  4447289003
The user id is:  4447289003
The user id is:  4745460137
The user id is:  4621977868
The user id is:  4184614212
The user id is:  4439845096
The user id is:  4625232022
The user id is:  4621425143
The user id is:  52097913
The user id is:  3469908435
The user id is:  4629135316
The user id is:  4343525909
The user id is:  4624963833
The user id is:  26254959
The user id is:  4621978755
The user id is:  4753316780
e: [{u'message': u'Rate limit exceeded', u'code': 88}]
rate time error:  4552888103
The user id is:  4552888103
The user id is:  4444072032
The user id is:  2842068128
The user id is:  3465002548
The user id is:  4386265755
The user id is:  4377096255
The user id is:  3639905835
The user id is:  275686563
The user id is:  4327872021
The user id is:  4416182240
The user id is:  2810627093
The user id is:  4388625195
The user id is:  3601210459
The user id is:  3788289674
The user id is:  3342258875
e: [{u'message': u'Rate limit exceeded', u'code': 88}]
rate time error:  3937999815
The user id is:  3937999815
The user id is:  2573120156
The user id is:  4354036697
The user id is:  183368996
The user id is:  3345145906
The user id is:  3751907122
The user id is:  3255786338
The user id is:  33998183
The user id is:  43920155
The user id is:  17237540
The user id is:  51114128
The user id is:  13298072
The user id is:  340937282
The user id is:  44196397
The user id is:  34743251
e: [{u'message': u'Rate limit exceeded', u'code': 88}]
rate time error:  2471009922
The user id is:  2471009922
The user id is:  17093617
The user id is:  48808600
The user id is:  19078387
The user id is:  27013292
The user id is:  24916542
The user id is:  338660808
The user id is:  15282064
The user id is:  27779882
The user id is:  15460048
The user id is:  15458277
The user id is:  33639255
The user id is:  24894213
The user id is:  34299110
The user id is:  33474655
e: [{u'message': u'Rate limit exceeded', u'code': 88}]
rate time error:  32372834
The user id is:  32372834
The user id is:  17842366
The user id is:  12819112
The user id is:  20513956
The user id is:  19658826
The user id is:  17248121
The user id is:  25073877
The user id is:  579648949
The user id is:  91476677
The user id is:  250831586
The user id is:  775834922816679936
The user id is:  586671909
The user id is:  4433578226
The user id is:  52484614
The user id is:  171682730
e: [{u'message': u'Rate limit exceeded', u'code': 88}]
rate time error:  41203685
The user id is:  41203685
The user id is:  31080039
The user id is:  21111883
The user id is:  3973622834
The user id is:  15131310
The user id is:  44528896
The user id is:  6018802
The user id is:  6018732
The user id is:  74452613
The user id is:  17215802
The user id is:  17399269
The user id is:  67673600
The user id is:  759251
The user id is:  2459609448
The user id is:  3303293865
e: [{u'message': u'Rate limit exceeded', u'code': 88}]
rate time error:  117602132
The user id is:  117602132
The user id is:  34378922
The user id is:  46424039
The user id is:  7157132
The user id is:  14922225
The user id is:  262794965
The user id is:  31126587
The user id is:  337921759
The user id is:  104249727
The user id is:  104288093
The user id is:  56783491
The user id is:  38531995
The user id is:  68412310
The user id is:  15074642
The user id is:  18847632
e: [{u'message': u'Rate limit exceeded', u'code': 88}]
rate time error:  131948686
The user id is:  131948686
The user id is:  54682125
The user id is:  17919972
The user id is:  592700022
The user id is:  51861799
The user id is:  20747741
The user id is:  28109359
The user id is:  22940219
The user id is:  249937325
The user id is:  35787166
The user id is:  290097288
The user id is:  26565946
The user id is:  15846407
The user id is:  10228272
The user id is:  39538010
e: [{u'message': u'Rate limit exceeded', u'code': 88}]
rate time error:  43149222
The user id is:  43149222
The user id is:  2557521
The user id is:  71026122
The user id is:  24192548
The user id is:  900694717
The user id is:  838203288
The user id is:  204870137
The user id is:  17137891
The user id is:  252763592
The user id is:  16379018
The user id is:  583188020
The user id is:  174307074
The user id is:  61033129
The user id is:  96821645
The user id is:  398217557
e: [{u'message': u'Rate limit exceeded', u'code': 88}]
rate time error:  158129535
The user id is:  158129535
The user id is:  20793816
The user id is:  17475575
The user id is:  343454456
The user id is:  746687526
The user id is:  714758552
The user id is:  139930250
The user id is:  85433682
The user id is:  52553796
The user id is:  384624984
The user id is:  8824902
The user id is:  32625314
The user id is:  419177567
The user id is:  20270659
The user id is:  31310158
e: [{u'message': u'Rate limit exceeded', u'code': 88}]
rate time error:  20600214
The user id is:  20600214
The user id is:  16457400
The user id is:  227390518
The user id is:  33686811
The user id is:  17048177
The user id is:  19103481
The user id is:  66515223
The user id is:  19364978
The user id is:  19777398
The user id is:  15485441
The user id is:  707830526
The user id is:  57097104
The user id is:  569569550
The user id is:  13298072
The user id is:  44196397
e: [{u'message': u'Rate limit exceeded', u'code': 88}]
rate time error:  245494691
The user id is:  245494691
The user id is:  34104616
The user id is:  19426551
The user id is:  61853389
The user id is:  16186995
The user id is:  370458410
The user id is:  498961017
The user id is:  36375662
The user id is:  16870853
The user id is:  355307031
The user id is:  1027478496
The user id is:  18621383
The user id is:  210716665
The user id is:  39764191
The user id is:  891102607
e: [{u'message': u'Rate limit exceeded', u'code': 88}]
rate time error:  27083523
The user id is:  27083523
The user id is:  27091468
The user id is:  20661539
The user id is:  18676177
The user id is:  110365072
The user id is:  388555493
The user id is:  1418745782
The user id is:  14944855
The user id is:  19598173
The user id is:  52422878
The user id is:  22557159
The user id is:  165511377
The user id is:  46306646
The user id is:  284602545
The user id is:  1222639789
e: [{u'message': u'Rate limit exceeded', u'code': 88}]
rate time error:  17609668
The user id is:  17609668
The user id is:  50374439
The user id is:  18519661
The user id is:  183310940
The user id is:  262733510
The user id is:  755953153
The user id is:  65493023
The user id is:  278072240
The user id is:  133093395
The user id is:  79797834
The user id is:  474833666
The user id is:  90552683
The user id is:  140980601
The user id is:  108382988
The user id is:  8790412
e: [{u'message': u'Rate limit exceeded', u'code': 88}]
rate time error:  160863241
The user id is:  160863241
The user id is:  18720595
The user id is:  37595712
The user id is:  1632772304
The user id is:  24963961
The user id is:  472872558
The user id is:  135108060
The user id is:  145499533
The user id is:  54387680
The user id is:  561754773
The user id is:  238475531
The user id is:  38344185
The user id is:  607289206
The user id is:  28206360
The user id is:  512700138
e: [{u'message': u'Rate limit exceeded', u'code': 88}]
rate time error:  23280648
The user id is:  23280648
The user id is:  115818447
The user id is:  307259829
The user id is:  6207392
The user id is:  1059194370
The user id is:  49333809
The user id is:  80676273
The user id is:  26053643
The user id is:  231175831
The user id is:  237870401
The user id is:  131609541
The user id is:  85603854
The user id is:  20632796
The user id is:  246481013
The user id is:  246500501
e: [{u'message': u'Rate limit exceeded', u'code': 88}]
rate time error:  1012109886
The user id is:  1012109886
The user id is:  82134568
The user id is:  174593833
The user id is:  50835878
The user id is:  115485051
The user id is:  16228699
The user id is:  106854950
The user id is:  26160309
The user id is:  637338906
The user id is:  268439864
The user id is:  46484304
The user id is:  1330457336
The user id is:  329746058
The user id is:  20014300
The user id is:  18734310
e: [{u'message': u'Rate limit exceeded', u'code': 88}]
rate time error:  500704345
The user id is:  500704345
The user id is:  20514552
The user id is:  2425151
The user id is:  50393960
The user id is:  34442404
The user id is:  10671602
The user id is:  24742040
The user id is:  180463340
The user id is:  328310442
The user id is:  268414482
The user id is:  68723869
The user id is:  89973881
The user id is:  381619137
The user id is:  35865024
The user id is:  40293333
e: [{u'message': u'Rate limit exceeded', u'code': 88}]
rate time error:  377127730
The user id is:  377127730
The user id is:  24166202
The user id is:  64565898
The user id is:  22692199
The user id is:  18463380
The user id is:  41265813
The user id is:  19013887
The user id is:  19262294
The user id is:  399444662
The user id is:  409486555
The user id is:  243284052
The user id is:  23827692
The user id is:  18912905
The user id is:  193595623
The user id is:  410415588
e: [{u'message': u'Rate limit exceeded', u'code': 88}]
rate time error:  225190303
The user id is:  225190303
The user id is:  16589206
The user id is:  23375688
The user id is:  167421802
The user id is:  16043308
The user id is:  7831092
The user id is:  18812572
The user id is:  70436289
The user id is:  22832029
The user id is:  19362341
The user id is:  35859588
The user id is:  58598187
The user id is:  7025662
The user id is:  20710809
The user id is:  61269954
e: [{u'message': u'Rate limit exceeded', u'code': 88}]
rate time error:  12044602
The user id is:  12044602
The user id is:  27260086
The user id is:  132646498
The user id is:  19212671
The user id is:  23083404
The user id is:  15829003
The user id is:  96851347
The user id is:  28638191
The user id is:  17299063
The user id is:  49153854
The user id is:  15435089
The user id is:  15772318
The user id is:  14824849
The user id is:  169686021
The user id is:  15392391
e: [{u'message': u'Rate limit exceeded', u'code': 88}]
rate time error:  25365536
The user id is:  25365536
The user id is:  32959253
The user id is:  32453930
The user id is:  14240260
The user id is:  14038932
The user id is:  21324258
The user id is:  17454769
The user id is:  17169239
The user id is:  14230524
The user id is:  44348136
The user id is:  48410093
The user id is:  22042407
The user id is:  10810102
The user id is:  7401202
The user id is:  15143478
e: [{u'message': u'Rate limit exceeded', u'code': 88}]
rate time error:  47186755
The user id is:  47186755
The user id is:  22685200
The user id is:  23970102
The user id is:  9783492
The user id is:  3004231
The user id is:  17021505
The user id is:  18220175
The user id is:  38536306
The user id is:  14749383
The user id is:  19397785
The user id is:  23631859
The user id is:  17681513
The user id is:  56405314
The user id is:  42700652
The user id is:  24929621
e: [{u'message': u'Rate limit exceeded', u'code': 88}]
rate time error:  30009639
The user id is:  30009639
The user id is:  16409683
The user id is:  19394188
The user id is:  813286
The user id is:  37014777
The user id is:  17220934
The user id is:  24285686
The user id is:  14464766
The user id is:  7119702
The user id is:  2447684792
The user id is:  128288109
The user id is:  92580704
The user id is:  125499355
The user id is:  18839731
The user id is:  344538987
e: [{u'message': u'Rate limit exceeded', u'code': 88}]
rate time error:  15650636
The user id is:  15650636
The user id is:  972864853
The user id is:  16333843
The user id is:  1469579203
The user id is:  1182382878
The user id is:  763699
The user id is:  34743251
The user id is:  222205428
The user id is:  44196397
The user id is:  13298072
The user id is:  39040088
The user id is:  14982804
The user id is:  22054220
The user id is:  180653777
The user id is:  33977598
e: [{u'message': u'Rate limit exceeded', u'code': 88}]
rate time error:  2998613426
The user id is:  2998613426
The user id is:  36123018
The user id is:  898284050
The user id is:  782655770047283206
The user id is:  15324851
The user id is:  66182591
The user id is:  208120290
The user id is:  146569971
The user id is:  214112621
The user id is:  14195963
The user id is:  1623827190
The user id is:  1260044826
The user id is:  491470789
The user id is:  778658403702931456
The user id is:  16146513
e: [{u'message': u'Rate limit exceeded', u'code': 88}]
rate time error:  23443908
The user id is:  23443908
The user id is:  166233427
The user id is:  2881001499
The user id is:  827205419642785792
The user id is:  593289567
The user id is:  283273730
The user id is:  248875331
The user id is:  3184574881
The user id is:  573918122
The user id is:  16715398
The user id is:  3590691556
The user id is:  49117919
The user id is:  14529929
The user id is:  169409323
The user id is:  459872442
e: [{u'message': u'Rate limit exceeded', u'code': 88}]
rate time error:  240282772
The user id is:  240282772
The user id is:  843614054
The user id is:  919551456
The user id is:  88973663
The user id is:  987780067
The user id is:  305468597
The user id is:  14342564
The user id is:  166252256
The user id is:  56758053
The user id is:  378643551
The user id is:  608310777
The user id is:  456864723
The user id is:  80655195
The user id is:  384923143
The user id is:  19711765
e: [{u'message': u'Rate limit exceeded', u'code': 88}]
rate time error:  57625403
The user id is:  57625403
The user id is:  76348185
The user id is:  3240143771
The user id is:  304392714
The user id is:  36771809
The user id is:  56510427
The user id is:  92694743
The user id is:  353318176
The user id is:  34599285
The user id is:  1689062472
The user id is:  1388316751
The user id is:  242328548
The user id is:  61731318
The user id is:  11178672
The user id is:  2277961849
e: [{u'message': u'Rate limit exceeded', u'code': 88}]
rate time error:  52487669
The user id is:  52487669
The user id is:  310804819
The user id is:  350424151
The user id is:  29206264
The user id is:  34113439
The user id is:  806894581526786048
The user id is:  16958346
The user id is:  555387698
The user id is:  164220544
The user id is:  50778320
The user id is:  127956843
The user id is:  32372834
The user id is:  91455335
The user id is:  360821037
The user id is:  885222182
e: [{u'message': u'Rate limit exceeded', u'code': 88}]
rate time error:  80703539
The user id is:  80703539
The user id is:  4625428821
The user id is:  68034431
The user id is:  339764761
The user id is:  2423836432
The user id is:  1634390010
The user id is:  1467586027
The user id is:  370106091
The user id is:  16245822
The user id is:  2384327556
The user id is:  18089292
The user id is:  726441540428660737
The user id is:  15143478
The user id is:  114454045
The user id is:  533158285
e: [{u'message': u'Rate limit exceeded', u'code': 88}]
rate time error:  522150871
The user id is:  522150871
The user id is:  462330023
The user id is:  419544231
The user id is:  394023839
The user id is:  329762114
The user id is:  300917070
The user id is:  284156096
The user id is:  233577279
The user id is:  209716736
The user id is:  163844242
The user id is:  111305843
The user id is:  67283363
The user id is:  64354305
The user id is:  59103212
The user id is:  44582108
e: [{u'message': u'Rate limit exceeded', u'code': 88}]
rate time error:  36181313
The user id is:  36181313
The user id is:  34631244
The user id is:  25327370
The user id is:  21185158
The user id is:  20982118
The user id is:  16236106
The user id is:  14980792
The user id is:  87299315
The user id is:  86323813
The user id is:  87709459
The user id is:  84144613
The user id is:  82348646
The user id is:  1860967812
The user id is:  2164512048
The user id is:  2281899308
e: [{u'message': u'Rate limit exceeded', u'code': 88}]
rate time error:  2315415500
The user id is:  2315415500
The user id is:  2325767570
The user id is:  706800925394997249
The user id is:  4839540760
The user id is:  3700260093
The user id is:  3832891391
The user id is:  4078445134
The user id is:  4200716788
The user id is:  4785652301
The user id is:  3416035636
The user id is:  3297393438
The user id is:  3144159117
The user id is:  3061255931
The user id is:  2993994029
The user id is:  2980458689
e: [{u'message': u'Rate limit exceeded', u'code': 88}]
rate time error:  2878531289
The user id is:  2878531289
The user id is:  2853401031
The user id is:  2848931345
The user id is:  2814095813
The user id is:  717652673248550912
The user id is:  732846984881680385
The user id is:  747778031511547904
The user id is:  3445189401
The user id is:  94562237
e: Not authorized.
Not authorized 
The user id is:  552031566
The user id is:  715331576633032704
The user id is:  23845320
The user id is:  15808647
e: [{u'message': u'Rate limit exceeded', u'code': 88}]
rate time error:  22214087
The user id is:  22214087
The user id is:  3538473136
The user id is:  17292623
The user id is:  2968989617
The user id is:  310673079
The user id is:  114840652
The user id is:  204938136
The user id is:  3842354907
The user id is:  49616273
The user id is:  3515085202
The user id is:  749558311297712129
The user id is:  3305564430
The user id is:  3974747237
The user id is:  13493302
The user id is:  34719469
e: [{u'message': u'Rate limit exceeded', u'code': 88}]
rate time error:  1223134141
The user id is:  1223134141
The user id is:  1288758828
The user id is:  180505807
The user id is:  21969930
The user id is:  271571458
The user id is:  3327720838
The user id is:  34554134
The user id is:  3729172937
The user id is:  480039358
The user id is:  4865442614
The user id is:  3526481243
The user id is:  281728419
The user id is:  3290364847
The user id is:  248795646
The user id is:  18036441
e: [{u'message': u'Rate limit exceeded', u'code': 88}]
rate time error:  5695032
The user id is:  5695032
The user id is:  39585367
The user id is:  15460048
The user id is:  17815224
The user id is:  13783772
The user id is:  742307083434008576
The user id is:  15919988
The user id is:  27295244
The user id is:  54641489
The user id is:  95972239
The user id is:  312840253
The user id is:  3883416257
The user id is:  20978354
The user id is:  14499829
The user id is:  19402584
e: [{u'message': u'Rate limit exceeded', u'code': 88}]
rate time error:  297947269
The user id is:  297947269
The user id is:  1585469030
The user id is:  2999294063
The user id is:  29342640
e: Not authorized.
Not authorized 
The user id is:  1114865460
The user id is:  234446125
The user id is:  787736353
The user id is:  556151596
The user id is:  44418062
The user id is:  196233238
The user id is:  253536357
The user id is:  86977818
The user id is:  56564230
e: [{u'message': u'Rate limit exceeded', u'code': 88}]
rate time error:  720228997
The user id is:  720228997
The user id is:  554735353
The user id is:  20155760
The user id is:  929394068
The user id is:  4843935136
The user id is:  318850388
The user id is:  21436960
The user id is:  27596259
The user id is:  206255645
The user id is:  264399952
The user id is:  107391777
The user id is:  31663209
The user id is:  1875489644
The user id is:  536727256
The user id is:  303804147
e: [{u'message': u'Rate limit exceeded', u'code': 88}]
rate time error:  27916713
The user id is:  27916713
The user id is:  213689248
The user id is:  15169176
The user id is:  75055280
The user id is:  111423859
The user id is:  3760488922
The user id is:  1314604885
The user id is:  45176933
The user id is:  15000857
The user id is:  40054423
The user id is:  930881406
The user id is:  299343530
The user id is:  16434221
The user id is:  21408610
The user id is:  16630098
e: [{u'message': u'Rate limit exceeded', u'code': 88}]
rate time error:  118975084
The user id is:  118975084
The user id is:  2268076370
The user id is:  22883622
The user id is:  273753448
The user id is:  380414259
The user id is:  3583264572
The user id is:  1365460075
The user id is:  17525171
The user id is:  158391699
The user id is:  2343732672
The user id is:  366665842
The user id is:  2525050148
The user id is:  23050826
The user id is:  818910970567344128
The user id is:  325830217
e: [{u'message': u'Rate limit exceeded', u'code': 88}]
rate time error:  364290706
The user id is:  364290706
The user id is:  29442313
The user id is:  216776631
The user id is:  1330457336
The user id is:  1093090866
The user id is:  818876014390603776
The user id is:  1339835893
The user id is:  757303975
The user id is:  15463610
The user id is:  192942213
The user id is:  5120691
The user id is:  34317032
The user id is:  1530850933
The user id is:  2149663698
The user id is:  1288552388
e: [{u'message': u'Rate limit exceeded', u'code': 88}]
rate time error:  17293921
The user id is:  17293921
The user id is:  1451773004
The user id is:  235573486
The user id is:  54645160
The user id is:  203479775
The user id is:  65647594
The user id is:  91326092
The user id is:  24919888
The user id is:  550511973
The user id is:  3167496323
The user id is:  253588542
The user id is:  14505838
The user id is:  3372348975
The user id is:  201857425
The user id is:  39348006
e: [{u'message': u'Rate limit exceeded', u'code': 88}]
rate time error:  1340984659
The user id is:  1340984659
The user id is:  15521075
The user id is:  167711000
The user id is:  46220856
The user id is:  409013239
The user id is:  36711678
The user id is:  27247475
The user id is:  128318960
The user id is:  12819112
The user id is:  487833518
The user id is:  50393960
The user id is:  1636590253
The user id is:  15492359
The user id is:  44196397
The user id is:  13298072
e: [{u'message': u'Rate limit exceeded', u'code': 88}]
rate time error:  2325690444
The user id is:  2325690444
The user id is:  3034214643
The user id is:  19766166
The user id is:  29093157
The user id is:  36346391
The user id is:  15007149
The user id is:  144972081
The user id is:  500704345
The user id is:  1536791610
The user id is:  822215679726100480
The user id is:  523339137
The user id is:  2471315234
The user id is:  13201312
The user id is:  2734713482
The user id is:  22642788
e: [{u'message': u'Rate limit exceeded', u'code': 88}]
rate time error:  17071048
The user id is:  17071048
The user id is:  23544771
The user id is:  52488565
The user id is:  20068679
The user id is:  14707239
The user id is:  61592079
The user id is:  592912724
The user id is:  961458414
e: Not authorized.
Not authorized 
The user id is:  12917402
The user id is:  14275261
The user id is:  174847568
The user id is:  874916178
The user id is:  78400475
e: [{u'message': u'Rate limit exceeded', u'code': 88}]
rate time error:  262317278
The user id is:  262317278
The user id is:  15165502
The user id is:  38245723
The user id is:  137471526
The user id is:  213917132
The user id is:  520766752
The user id is:  1041442471
The user id is:  208442526
The user id is:  2830279756
The user id is:  200219772
The user id is:  44136646
The user id is:  44939979
The user id is:  95660255
The user id is:  16649758
The user id is:  2329066872
e: [{u'message': u'Rate limit exceeded', u'code': 88}]
rate time error:  14750983
The user id is:  14750983
The user id is:  365616878
The user id is:  723926383
The user id is:  2542080930
The user id is:  83221847
The user id is:  19164430
The user id is:  227021376
The user id is:  208008927
The user id is:  558148770
The user id is:  438501983
The user id is:  29580450
The user id is:  72842277
The user id is:  844132603
The user id is:  1364396671
The user id is:  21218554
e: [{u'message': u'Rate limit exceeded', u'code': 88}]
rate time error:  785808991
The user id is:  785808991
The user id is:  21634600
The user id is:  209262555
The user id is:  14807898
The user id is:  15353398
The user id is:  63796828
The user id is:  28838219
The user id is:  383466257
The user id is:  379625477
The user id is:  627406713
The user id is:  236400612
The user id is:  19802879
The user id is:  18393501
The user id is:  20020021
The user id is:  603367602
e: [{u'message': u'Rate limit exceeded', u'code': 88}]
rate time error:  204918880
The user id is:  204918880
The user id is:  586841695
The user id is:  212376858
The user id is:  21438902
The user id is:  138151145
The user id is:  45516390
The user id is:  11885742
The user id is:  117636908
The user id is:  15473958
The user id is:  43104516
The user id is:  370638564
The user id is:  214212539
The user id is:  24683525
The user id is:  18739693
The user id is:  26257927
e: [{u'message': u'Rate limit exceeded', u'code': 88}]
rate time error:  63157272
The user id is:  63157272
The user id is:  259401680
The user id is:  14238165
The user id is:  213302831
The user id is:  19725644
The user id is:  1435461
The user id is:  21611239
The user id is:  20060293
The user id is:  174740894
The user id is:  185345185
The user id is:  17159804
The user id is:  42869411
The user id is:  26832834
The user id is:  16623719
The user id is:  15500649
e: [{u'message': u'Rate limit exceeded', u'code': 88}]
rate time error:  15431856
The user id is:  15431856
The user id is:  143209906
The user id is:  16465385
The user id is:  48564118
The user id is:  34868965
The user id is:  822215673812119553
The user id is:  30313925
The user id is:  15234407
The user id is:  5988062
The user id is:  79570653
The user id is:  21454987
The user id is:  15519544
The user id is:  17054817
The user id is:  18048466
The user id is:  46571758
e: [{u'message': u'Rate limit exceeded', u'code': 88}]
rate time error:  26268870
The user id is:  26268870
The user id is:  16984777
The user id is:  39530187
The user id is:  43462357
The user id is:  18377858
The user id is:  42097354
The user id is:  45879214
The user id is:  12798822
The user id is:  42883134
The user id is:  22657619
The user id is:  44438256
The user id is:  18316818
The user id is:  22026168
The user id is:  23109836
The user id is:  18107015
e: [{u'message': u'Rate limit exceeded', u'code': 88}]
rate time error:  18912014
The user id is:  18912014
The user id is:  14343727
The user id is:  39284958
The user id is:  21581503
The user id is:  14953378
The user id is:  24043785
The user id is:  27659232
The user id is:  34010976
The user id is:  21000110
The user id is:  22081607
The user id is:  19722699
The user id is:  36759379
e: Not authorized.
Not authorized 
The user id is:  21395601
e: [{u'message': u'Rate limit exceeded', u'code': 88}]
rate time error:  3373791
The user id is:  3373791
The user id is:  20649538
The user id is:  34651103
The user id is:  29726578
The user id is:  31873110
The user id is:  31560075
The user id is:  16102244
The user id is:  27646691
The user id is:  23597950
The user id is:  34743251
The user id is:  34775101
The user id is:  23615081
The user id is:  9689662
The user id is:  33575770
The user id is:  17787705
e: [{u'message': u'Rate limit exceeded', u'code': 88}]
rate time error:  34239380
The user id is:  34239380
The user id is:  23598351
The user id is:  15737554
The user id is:  14256759
The user id is:  16420903
The user id is:  23638544
The user id is:  18815507
e: Not authorized.
Not authorized 
The user id is:  25466835
The user id is:  23962323
The user id is:  20169317
The user id is:  15862891
The user id is:  18243284
The user id is:  29375037
e: [{u'message': u'Rate limit exceeded', u'code': 88}]
rate time error:  19837528
The user id is:  19837528
The user id is:  20642645
The user id is:  29328707
The user id is:  26250872
The user id is:  23790666
The user id is:  18049298
The user id is:  4503491
The user id is:  22026877
The user id is:  27316876
The user id is:  21754354
The user id is:  22167056
The user id is:  27013292
The user id is:  19307541
The user id is:  26748889
The user id is:  25529685
e: [{u'message': u'Rate limit exceeded', u'code': 88}]
rate time error:  26858764
The user id is:  26858764
The user id is:  14067728
The user id is:  9406622
The user id is:  16299754
The user id is:  26269367
The user id is:  20068053
The user id is:  18305736
The user id is:  14591033
The user id is:  25150861
The user id is:  16527805
The user id is:  26000428
The user id is:  18499709
The user id is:  23575322
The user id is:  26074603
The user id is:  22278303
e: [{u'message': u'Rate limit exceeded', u'code': 88}]
rate time error:  7093352
The user id is:  7093352
The user id is:  21838233
The user id is:  7914552
The user id is:  18058609
The user id is:  18768802
The user id is:  17998609
The user id is:  13077962
The user id is:  939091
The user id is:  661403
The user id is:  11348282
The user id is:  9534522
The user id is:  8161232
The user id is:  813286
The user id is:  16644421
The user id is:  15824522
e: [{u'message': u'Rate limit exceeded', u'code': 88}]
rate time error:  14269711
The user id is:  14269711
The user id is:  14630696
The user id is:  17842366
The user id is:  19144771
The user id is:  20524002
The user id is:  20221570
The user id is:  20345991
The user id is:  7879972
The user id is:  23730116
The user id is:  24036083
The user id is:  1057151
The user id is:  16203371
The user id is:  23368403
The user id is:  18127957
e: Not authorized.
Not authorized 
Traceback (most recent call last):
  File "pac_craw.py", line 80, in <module>
    get_profile_info(friend[nodeIndex-1])
  File "pac_craw.py", line 40, in get_profile_info
    friendList=api.friends_ids(friend[nodeIndex-1])
  File "/usr/lib/python2.7/site-packages/tweepy/binder.py", line 245, in _call
    return method.execute()
  File "/usr/lib/python2.7/site-packages/tweepy/binder.py", line 227, in execute
    raise RateLimitError(error_msg, resp)
tweepy.error.RateLimitError: [{u'message': u'Rate limit exceeded', u'code': 88}]
